<?xml version="1.0" encoding="UTF-8"?>
<testng-results ignored="0" total="1" passed="1" failed="0" skipped="0">
  <reporter-output>
  </reporter-output>
  <suite started-at="2024-08-04T21:41:17 IST" name="Default suite" finished-at="2024-08-04T21:41:32 IST" duration-ms="14941">
    <groups>
    </groups>
    <test started-at="2024-08-04T21:41:17 IST" name="Default test" finished-at="2024-08-04T21:41:32 IST" duration-ms="14941">
      <class name="com.api.test.DynamicJson">
        <test-method signature="addBook()[pri:0, instance:com.api.test.DynamicJson@18d87d80]" started-at="2024-08-04T21:41:18 IST" name="addBook" finished-at="2024-08-04T21:41:32 IST" duration-ms="14599" status="PASS">
          <reporter-output>
          </reporter-output>
        </test-method> <!-- addBook -->
      </class> <!-- com.api.test.DynamicJson -->
    </test> <!-- Default test -->
  </suite> <!-- Default suite -->
</testng-results>
